生成启动时间为 2017/10/22 10:34:06。
     1>项目“E:\ZKHY\historycopy\serialport可调波特率等参数\serialport\serialport.vcxproj”在节点 2 上(Build 个目标)。
     1>ClCompile:
         C:\Program Files (x86)\Microsoft Visual Studio 12.0\VC\bin\CL.exe /c /ZI /nologo /W3 /WX- /sdl /Od /Oy- /D WIN32 /D _WINDOWS /D _DEBUG /D _USING_V110_SDK71_ /D _MBCS /Gm /EHsc /RTC1 /MTd /GS /fp:precise /Zc:wchar_t /Zc:forScope /Yc"stdafx.h" /Fp"Debug\serialport.pch" /Fo"Debug\\" /Fd"Debug\vc120.pdb" /Gd /TP /analyze- /errorReport:prompt stdafx.cpp
         stdafx.cpp
     1>c:\program files (x86)\microsoft visual studio 12.0\vc\atlmfc\include\afx.h(38): warning C4996: 'MBCS_Support_Deprecated_In_MFC': MBCS support in MFC is deprecated and may be removed in a future version of MFC.
                 c:\program files (x86)\microsoft visual studio 12.0\vc\atlmfc\include\afx.h(33) : 参见“MBCS_Support_Deprecated_In_MFC”的声明
         C:\Program Files (x86)\Microsoft Visual Studio 12.0\VC\bin\CL.exe /c /ZI /nologo /W3 /WX- /sdl /Od /Oy- /D WIN32 /D _WINDOWS /D _DEBUG /D _USING_V110_SDK71_ /D _MBCS /Gm /EHsc /RTC1 /MTd /GS /fp:precise /Zc:wchar_t /Zc:forScope /Yu"stdafx.h" /Fp"Debug\serialport.pch" /Fo"Debug\\" /Fd"Debug\vc120.pdb" /Gd /TP /analyze- /errorReport:prompt serialport.cpp serialportDlg.cpp
         serialportDlg.cpp
     1>e:\zkhy\historycopy\serialport可调波特率等参数\serialport\serialportdlg.cpp(4): warning C4627: “#include <iostream>”:  在查找预编译头使用时跳过
                 将指令添加到“stdafx.h”或重新生成预编译头
     1>e:\zkhy\historycopy\serialport可调波特率等参数\serialport\serialportdlg.cpp(105): warning C4800: “BOOL”: 将值强制为布尔值“true”或“false”(性能警告)
     1>e:\zkhy\historycopy\serialport可调波特率等参数\serialport\serialportdlg.cpp(533): warning C4018: “<”: 有符号/无符号不匹配
     1>e:\zkhy\historycopy\serialport可调波特率等参数\serialport\serialportdlg.cpp(611): warning C4244: “=”: 从“double”转换到“long”，可能丢失数据
         serialport.cpp
         正在生成代码...
       ResourceCompile:
         C:\Program Files (x86)\Microsoft SDKs\Windows\v7.1A\bin\rc.exe /D _DEBUG /D _USING_V110_SDK71_ /l"0x0804" /IDebug\ /nologo /fo"Debug\serialport.res" serialport.rc 
       Link:
         C:\Program Files (x86)\Microsoft Visual Studio 12.0\VC\bin\link.exe /ERRORREPORT:PROMPT /OUT:"E:\ZKHY\historycopy\serialport可调波特率等参数\Debug\serialport.exe" /INCREMENTAL /NOLOGO /MANIFEST /MANIFESTUAC:"level='asInvoker' uiAccess='false'" /manifest:embed /manifestinput:"C:\Program Files (x86)\Microsoft Visual Studio 12.0\VC\Include\Manifest\dpiaware.manifest" /DEBUG /PDB:"E:\ZKHY\historycopy\serialport可调波特率等参数\Debug\serialport.pdb" /SUBSYSTEM:WINDOWS,"5.01" /TLBID:1 /DYNAMICBASE /NXCOMPAT /IMPLIB:"E:\ZKHY\historycopy\serialport可调波特率等参数\Debug\serialport.lib" /MACHINE:X86 Debug\serialport.res
         Debug\serialport.obj
         Debug\serialportDlg.obj
         Debug\stdafx.obj
         serialport.vcxproj -> E:\ZKHY\historycopy\serialport可调波特率等参数\Debug\serialport.exe
     1>已完成生成项目“E:\ZKHY\historycopy\serialport可调波特率等参数\serialport\serialport.vcxproj”(Build 个目标)的操作。

生成成功。

已用时间 00:00:06.91
