g:\zkhy\historycopy\serialport可调波特率等参数\serialport\debug\serialport.pch
g:\zkhy\historycopy\serialport可调波特率等参数\serialport\debug\vc120.pdb
g:\zkhy\historycopy\serialport可调波特率等参数\serialport\debug\vc120.idb
g:\zkhy\historycopy\serialport可调波特率等参数\serialport\debug\stdafx.obj
g:\zkhy\historycopy\serialport可调波特率等参数\serialport\debug\serialport.obj
g:\zkhy\historycopy\serialport可调波特率等参数\serialport\debug\serialportdlg.obj
f:\zkhy\historycopy\serialport可调波特率等参数\serialport\debug\serialport.pch
f:\zkhy\historycopy\serialport可调波特率等参数\serialport\debug\vc120.pdb
f:\zkhy\historycopy\serialport可调波特率等参数\serialport\debug\vc120.idb
f:\zkhy\historycopy\serialport可调波特率等参数\serialport\debug\stdafx.obj
f:\zkhy\historycopy\serialport可调波特率等参数\serialport\debug\serialport.obj
f:\zkhy\historycopy\serialport可调波特率等参数\serialport\debug\serialportdlg.obj
g:\zkhy\historycopy\serialport可调波特率等参数\debug\serialport.ilk
g:\zkhy\historycopy\serialport可调波特率等参数\debug\serialport.exe
g:\zkhy\historycopy\serialport可调波特率等参数\debug\serialport.pdb
f:\zkhy\historycopy\serialport可调波特率等参数\debug\serialport.ilk
f:\zkhy\historycopy\serialport可调波特率等参数\debug\serialport.exe
f:\zkhy\historycopy\serialport可调波特率等参数\debug\serialport.pdb
g:\zkhy\historycopy\serialport可调波特率等参数\serialport\debug\serialport.res
f:\zkhy\historycopy\serialport可调波特率等参数\serialport\debug\serialport.res
f:\zkhy\historycopy\serialport可调波特率等参数\serialport\debug\serialport.tlog\cl.command.1.tlog
f:\zkhy\historycopy\serialport可调波特率等参数\serialport\debug\serialport.tlog\cl.read.1.tlog
f:\zkhy\historycopy\serialport可调波特率等参数\serialport\debug\serialport.tlog\cl.write.1.tlog
f:\zkhy\historycopy\serialport可调波特率等参数\serialport\debug\serialport.tlog\link.command.1.tlog
f:\zkhy\historycopy\serialport可调波特率等参数\serialport\debug\serialport.tlog\link.read.1.tlog
f:\zkhy\historycopy\serialport可调波特率等参数\serialport\debug\serialport.tlog\link.write.1.tlog
f:\zkhy\historycopy\serialport可调波特率等参数\serialport\debug\serialport.tlog\rc.command.1.tlog
f:\zkhy\historycopy\serialport可调波特率等参数\serialport\debug\serialport.tlog\rc.read.1.tlog
f:\zkhy\historycopy\serialport可调波特率等参数\serialport\debug\serialport.tlog\rc.write.1.tlog
